<?xml version="1.0" encoding="UTF-8"?>
<testsuite name="pagefactory.CucumberTest" time="4.205" tests="33" errors="0" skipped="0" failures="0">
  <properties>
[...]
</properties>
  <testcase name="* user is on the page &quot;Main&quot;" classname="Scenario: web elements check" time="0.001"/>
  <testcase name="* user is on the page &quot;Main&quot;" classname="Scenario: web elements check" time="0"/>
  <testcase name="* user (click the button) &quot;Contact&quot;" classname="Scenario: web elements check" time="0"/>
  <testcase name="* user is on the page &quot;Contact&quot;" classname="Scenario: web elements check" time="0"/>
  <testcase name="* user (check that error message not contains) &quot;Please specify your first name&quot;" classname="Scenario: web elements check" time="0.001"/>
  <testcase name="* user (check that error message not contains) &quot;Please specify your first name&quot;" classname="Scenario: web elements check" time="0"/>
  <testcase name="* user (click the button) &quot;send&quot;" classname="Scenario: web elements check" time="0"/>
  <testcase name="* user (click the button) &quot;send&quot;" classname="Scenario: web elements check" time="0"/>
  <testcase name="* user (click the button) &quot;send&quot;" classname="Scenario: web elements check" time="0"/>
  <testcase name="* user (click the button) &quot;send&quot;" classname="Scenario: web elements check" time="0"/>
  <testcase name="* user (check that error message contains) &quot;Please specify your first name&quot;" classname="Scenario: web elements check" time="0"/>
  <testcase name="* user (fill the field) &quot;first name&quot; &quot;Alex&quot;" classname="Scenario: web elements check" time="0"/>
  <testcase name="* user (check that error message contains) &quot;Please specify your last name&quot;" classname="Scenario: web elements check" time="0"/>
  <testcase name="* user (check that error message contains) &quot;Please specify your last name&quot;" classname="Scenario: web elements check" time="0"/>
  <testcase name="* user (fill the field) &quot;last name&quot; &quot;Alexeev&quot;" classname="Scenario: web elements check" time="0"/>
  <testcase name="* user (check that error message not contains) &quot;Please specify your last name&quot;" classname="Scenario: web elements check" time="0"/>
  <testcase name="* user (go to page) &quot;Home&quot;" classname="Scenario: web elements check" time="0"/>
  <testcase name="Scenario: web elements check" classname="Scenario: web elements check" time="2.105"/>
  <testcase name="* user is on the page &quot;Main&quot;" classname="Scenario: Check RedirectTo annotation in web elements" time="0"/>
  <testcase name="* user is on the page &quot;Main&quot;" classname="Scenario: Check RedirectTo annotation in web elements" time="0"/>
  <testcase name="* user (click the button) &quot;ContactRedirect&quot;" classname="Scenario: Check RedirectTo annotation in web elements" time="0.002"/>
  <testcase name="* user (click the button) &quot;ContactRedirect&quot;" classname="Scenario: Check RedirectTo annotation in web elements" time="0"/>
  <testcase name="* user is on the page &quot;Contact&quot;" classname="Scenario: Check RedirectTo annotation in web elements" time="0.001"/>
  <testcase name="* user (check that error message not contains) &quot;Please specify your first name&quot;" classname="Scenario: Check RedirectTo annotation in web elements" time="0"/>
  <testcase name="* user (check that error message not contains) &quot;Please specify your first name&quot;" classname="Scenario: Check RedirectTo annotation in web elements" time="0"/>
  <testcase name="* user (click the button) &quot;send&quot;" classname="Scenario: Check RedirectTo annotation in web elements" time="0"/>
  <testcase name="* user (click the button) &quot;send&quot;" classname="Scenario: Check RedirectTo annotation in web elements" time="0"/>
  <testcase name="* user (check that error message contains) &quot;Please specify your first name&quot;" classname="Scenario: Check RedirectTo annotation in web elements" time="0"/>
  <testcase name="* user (click the button) &quot;HomeRedirect&quot;" classname="Scenario: Check RedirectTo annotation in web elements" time="0"/>
  <testcase name="* user (click the button) &quot;HomeRedirect&quot;" classname="Scenario: Check RedirectTo annotation in web elements" time="0"/>
  <testcase name="* user (fill the field) &quot;first name&quot; &quot;Alex&quot;" classname="Scenario: Check RedirectTo annotation in web elements" time="0"/>
  <testcase name="* user (go to page from Main) &quot;Contact&quot;" classname="Scenario: Check RedirectTo annotation in web elements" time="0"/>
  <testcase name="Scenario: Check RedirectTo annotation in web elements" classname="Scenario: Check RedirectTo annotation in web elements" time="2.095"/>
</testsuite>